<?xml version="1.0" encoding="UTF-8" standalone="no"?>
<testsuite failures="0" name="cucumber.runtime.formatter.JUnitFormatter" skipped="0" tests="3" time="44.902645">
<testcase classname="BCQAM Login Feature" name="BCQAM login test Scenario" time="16.707183">
<system-out><![CDATA[Given user is already on Login Page.........................................passed
When title of login page is BCQAM...........................................passed
Then user enters "admin" and "jsmith".......................................passed
Then user clicks on login button............................................passed
Then user select vendor from list...........................................passed
Then user is on homepage....................................................passed
Then close the browser......................................................passed
]]></system-out>
</testcase>
<testcase classname="BCQAM Login Feature" name="BCQAM login test Scenario 2" time="13.781043">
<system-out><![CDATA[Given user is already on Login Page.........................................passed
When title of login page is BCQAM...........................................passed
Then user enters "kondaiah" and "test@123"..................................passed
Then user clicks on login button............................................passed
Then user select vendor from list...........................................passed
Then user is on homepage....................................................passed
Then close the browser......................................................passed
]]></system-out>
</testcase>
<testcase classname="BCQAM Login Feature" name="BCQAM login test Scenario 3" time="14.414419">
<system-out><![CDATA[Given user is already on Login Page.........................................passed
When title of login page is BCQAM...........................................passed
Then user enters "Srinivas" and "test@123"..................................passed
Then user clicks on login button............................................passed
Then user select vendor from list...........................................passed
Then user is on homepage....................................................passed
Then close the browser......................................................passed
]]></system-out>
</testcase>
</testsuite>
